
> react-vite-tailwind@0.0.0 dev
> vite --host --port 5173 --clearScreen false


  [32m[1mVITE[22m v7.2.4[39m  [2mready in [0m[1m2722[22m[2m[0m ms[22m

  [32m➜[39m  [1mLocal[22m:   [36mhttp://localhost:[1m5173[22m/[39m
  [32m➜[39m  [1mNetwork[22m: [36mhttp://10.0.0.102:[1m5173[22m/[39m
[2m9:45:35 PM[22m [36m[1m[vite][22m[39m [90m[2m(client)[22m[39m [32mhmr update [39m[2m/src/components/Layout.tsx, /src/index.css[22m
[2m9:45:46 PM[22m [36m[1m[vite][22m[39m [90m[2m(client)[22m[39m [32mhmr update [39m[2m/src/pages/Contact.tsx, /src/index.css[22m
[2m9:45:58 PM[22m [36m[1m[vite][22m[39m [90m[2m(client)[22m[39m [32mhmr update [39m[2m/src/pages/Contact.tsx, /src/index.css[22m
[2m9:46:02 PM[22m [36m[1m[vite][22m[39m [90m[2m(client)[22m[39m [32mhmr update [39m[2m/src/pages/Contact.tsx, /src/index.css[22m
[2m9:46:09 PM[22m [36m[1m[vite][22m[39m [90m[2m(client)[22m[39m [32mhmr update [39m[2m/src/pages/Contact.tsx, /src/index.css[22m
[2m9:46:26 PM[22m [36m[1m[vite][22m[39m [90m[2m(client)[22m[39m [32mhmr update [39m[2m/src/pages/Consultation.tsx, /src/index.css[22m
[2m9:46:34 PM[22m [36m[1m[vite][22m[39m [90m[2m(client)[22m[39m [32mhmr update [39m[2m/src/pages/Consultation.tsx, /src/index.css[22m
[2m9:46:42 PM[22m [36m[1m[vite][22m[39m [90m[2m(client)[22m[39m [32mhmr update [39m[2m/src/pages/Consultation.tsx, /src/index.css[22m
[2m9:46:47 PM[22m [36m[1m[vite][22m[39m [90m[2m(client)[22m[39m [32mhmr update [39m[2m/src/pages/Assessment.tsx, /src/index.css[22m
[2m9:46:56 PM[22m [36m[1m[vite][22m[39m [90m[2m(client)[22m[39m [32mhmr update [39m[2m/src/pages/Assessment.tsx, /src/index.css[22m
[2m9:47:05 PM[22m [36m[1m[vite][22m[39m [90m[2m(client)[22m[39m [32mhmr update [39m[2m/src/pages/Assessment.tsx, /src/index.css[22m
[2m9:47:12 PM[22m [36m[1m[vite][22m[39m [90m[2m(client)[22m[39m [32mhmr update [39m[2m/src/pages/Assessment.tsx, /src/index.css[22m
[2m9:47:17 PM[22m [36m[1m[vite][22m[39m [90m[2m(client)[22m[39m [32mhmr update [39m[2m/src/pages/ProjectStart.tsx, /src/index.css[22m
[2m9:47:27 PM[22m [36m[1m[vite][22m[39m [90m[2m(client)[22m[39m [32mhmr update [39m[2m/src/pages/ProjectStart.tsx, /src/index.css[22m
[2m9:47:31 PM[22m [36m[1m[vite][22m[39m [90m[2m(client)[22m[39m [32mhmr update [39m[2m/src/pages/ProjectStart.tsx, /src/index.css[22m
[2m9:47:37 PM[22m [36m[1m[vite][22m[39m [90m[2m(client)[22m[39m [32mhmr update [39m[2m/src/pages/ProjectStart.tsx, /src/index.css[22m
[2m9:58:04 PM[22m [36m[1m[vite][22m[39m [90m[2m(client)[22m[39m [32mhmr update [39m[2m/src/components/Layout.tsx, /src/index.css[22m
[2m9:58:10 PM[22m [36m[1m[vite][22m[39m [90m[2m(client)[22m[39m [32mhmr update [39m[2m/src/components/Layout.tsx, /src/index.css[22m
[2m9:58:20 PM[22m [36m[1m[vite][22m[39m [90m[2m(client)[22m[39m [32mhmr update [39m[2m/src/pages/Contact.tsx, /src/index.css[22m
[2m9:58:27 PM[22m [36m[1m[vite][22m[39m [90m[2m(client)[22m[39m [32mhmr update [39m[2m/src/pages/Consultation.tsx, /src/index.css[22m
[2m9:58:33 PM[22m [36m[1m[vite][22m[39m [90m[2m(client)[22m[39m [32mhmr update [39m[2m/src/pages/Assessment.tsx, /src/index.css[22m
[2m9:58:40 PM[22m [36m[1m[vite][22m[39m [90m[2m(client)[22m[39m [32mhmr update [39m[2m/src/pages/ProjectStart.tsx, /src/index.css[22m
[2m9:59:16 PM[22m [36m[1m[vite][22m[39m [90m[2m(client)[22m[39m [32mhmr update [39m[2m/src/App.tsx, /src/index.css[22m
[2m10:14:39 PM[22m [36m[1m[vite][22m[39m [90m[2m(client)[22m[39m [32mhmr update [39m[2m/src/pages/Contact.tsx, /src/index.css[22m
